[0mCompiling "resources/public/js/app.js" from ["src/cljs"]...
notifying browser that file changed:  resources/public/js/out/goog/deps.js
notifying browser that file changed:  resources/public/js/out/cljs_deps.js
notifying browser that file changed:  out/example/core.js
[32mSuccessfully compiled "resources/public/js/app.js" in 1.023 seconds.[0m
[0mCompiling "resources/public/js/app.js" from ["src/cljs"]...
notifying browser that file changed:  out/example/core.js
[32mSuccessfully compiled "resources/public/js/app.js" in 0.654 seconds.[0m
[0mCompiling "resources/public/js/app.js" from ["src/cljs"]...
notifying browser that file changed:  out/example/core.js
[32mSuccessfully compiled "resources/public/js/app.js" in 0.467 seconds.[0m
[0mCompiling "resources/public/js/app.js" from ["src/cljs"]...
notifying browser that file changed:  out/example/core.js
[32mSuccessfully compiled "resources/public/js/app.js" in 0.461 seconds.[0m
[0mCompiling "resources/public/js/app.js" from ["src/cljs"]...
notifying browser that file changed:  out/example/core.js
[32mSuccessfully compiled "resources/public/js/app.js" in 0.493 seconds.[0m
[0mCompiling "resources/public/js/app.js" from ["src/cljs"]...
notifying browser that file changed:  out/example/core.js
[32mSuccessfully compiled "resources/public/js/app.js" in 0.365 seconds.[0m
[0mCompiling "resources/public/js/app.js" from ["src/cljs"]...
notifying browser that file changed:  out/example/core.js
[32mSuccessfully compiled "resources/public/js/app.js" in 0.324 seconds.[0m
[0mCompiling "resources/public/js/app.js" from ["src/cljs"]...
WARNING: Use of undeclared Var example.core/& at line 89 /home/philos/work/philos/debux/example/src/cljs/example/core.cljs
WARNING: Use of undeclared Var example.core/& at line 89 /home/philos/work/philos/debux/example/src/cljs/example/core.cljs
notifying browser that file changed:  resources/public/js/out/goog/deps.js
notifying browser that file changed:  resources/public/js/out/cljs_deps.js
notifying browser that file changed:  out/example/core.js
[32mSuccessfully compiled "resources/public/js/app.js" in 0.959 seconds.[0m
[0mCompiling "resources/public/js/app.js" from ["src/cljs"]...
notifying browser that file changed:  resources/public/js/out/goog/deps.js
notifying browser that file changed:  resources/public/js/out/cljs_deps.js
notifying browser that file changed:  out/example/core.js
[32mSuccessfully compiled "resources/public/js/app.js" in 0.465 seconds.[0m
[0mCompiling "resources/public/js/app.js" from ["src/cljs"]...
WARNING: Use of undeclared Var example.core/& at line 89 /home/philos/work/philos/debux/example/src/cljs/example/core.cljs
WARNING: Use of undeclared Var example.core/& at line 89 /home/philos/work/philos/debux/example/src/cljs/example/core.cljs
notifying browser that file changed:  resources/public/js/out/goog/deps.js
notifying browser that file changed:  resources/public/js/out/cljs_deps.js
notifying browser that file changed:  out/example/core.js
[32mSuccessfully compiled "resources/public/js/app.js" in 0.658 seconds.[0m
[0mCompiling "resources/public/js/app.js" from ["src/cljs"]...
notifying browser that file changed:  resources/public/js/out/goog/deps.js
notifying browser that file changed:  resources/public/js/out/cljs_deps.js
notifying browser that file changed:  out/example/core.js
[32mSuccessfully compiled "resources/public/js/app.js" in 0.606 seconds.[0m
[0mCompiling "resources/public/js/app.js" from ["src/cljs"]...
WARNING: Use of undeclared Var example.core/& at line 89 /home/philos/work/philos/debux/example/src/cljs/example/core.cljs
WARNING: Use of undeclared Var example.core/& at line 89 /home/philos/work/philos/debux/example/src/cljs/example/core.cljs
notifying browser that file changed:  resources/public/js/out/goog/deps.js
notifying browser that file changed:  resources/public/js/out/cljs_deps.js
notifying browser that file changed:  out/example/core.js
[32mSuccessfully compiled "resources/public/js/app.js" in 0.6 seconds.[0m
[0mCompiling "resources/public/js/app.js" from ["src/cljs"]...
notifying browser that file changed:  out/example/core.js
[32mSuccessfully compiled "resources/public/js/app.js" in 0.382 seconds.[0m
[0mCompiling "resources/public/js/app.js" from ["src/cljs"]...
WARNING: Use of undeclared Var example.core/& at line 88 /home/philos/work/philos/debux/example/src/cljs/example/core.cljs
WARNING: Use of undeclared Var example.core/& at line 88 /home/philos/work/philos/debux/example/src/cljs/example/core.cljs
notifying browser that file changed:  resources/public/js/out/goog/deps.js
notifying browser that file changed:  resources/public/js/out/cljs_deps.js
notifying browser that file changed:  out/example/core.js
[32mSuccessfully compiled "resources/public/js/app.js" in 0.678 seconds.[0m
[0mCompiling "resources/public/js/app.js" from ["src/cljs"]...
notifying browser that file changed:  resources/public/js/out/goog/deps.js
notifying browser that file changed:  resources/public/js/out/cljs_deps.js
notifying browser that file changed:  out/example/core.js
[32mSuccessfully compiled "resources/public/js/app.js" in 0.522 seconds.[0m
[0mCompiling "resources/public/js/app.js" from ["src/cljs"]...
notifying browser that file changed:  out/example/core.js
[32mSuccessfully compiled "resources/public/js/app.js" in 0.427 seconds.[0m
[0mCompiling "resources/public/js/app.js" from ["src/cljs"]...
notifying browser that file changed:  out/example/core.js
[32mSuccessfully compiled "resources/public/js/app.js" in 0.562 seconds.[0m
[0mCompiling "resources/public/js/app.js" from ["src/cljs"]...
notifying browser that file changed:  resources/public/js/out/goog/deps.js
notifying browser that file changed:  resources/public/js/out/cljs_deps.js
notifying browser that file changed:  out/example/core.js
[32mSuccessfully compiled "resources/public/js/app.js" in 0.888 seconds.[0m
